10:46:56.106 [Worker-57] INFO  o.a.AndroidAnnotationProcessor:85 - Initialize AndroidAnnotations 3.0.1 with options {phase=BUILD}
10:46:56.611 [Worker-57] INFO  o.a.AndroidAnnotationProcessor:85 - Initialize AndroidAnnotations 3.0.1 with options {phase=BUILD}
10:51:18.697 [Worker-70] INFO  o.a.AndroidAnnotationProcessor:85 - Initialize AndroidAnnotations 3.0.1 with options {phase=BUILD}
10:53:37.497 [Worker-74] INFO  o.a.AndroidAnnotationProcessor:85 - Initialize AndroidAnnotations 3.0.1 with options {phase=BUILD}
10:54:04.589 [Worker-57] INFO  o.a.AndroidAnnotationProcessor:85 - Initialize AndroidAnnotations 3.0.1 with options {phase=BUILD}
10:54:04.592 [Worker-57] INFO  o.a.AndroidAnnotationProcessor:109 - Start processing for 1 annotations on 1 elements
10:54:04.614 [Worker-57] DEBUG o.a.h.AndroidManifestFinder:137 - AndroidManifest.xml file found in parent folder C:\Users\ThUNdErX\Dropbox\JoGeeks - 2014\First Quarter\Secrets\Raed: C:\Users\ThUNdErX\Dropbox\JoGeeks - 2014\First Quarter\Secrets\Raed\AndroidManifest.xml
10:54:04.621 [Worker-57] INFO  o.a.AndroidAnnotationProcessor:172 - AndroidManifest.xml found: AndroidManifest [applicationPackage=com.jogeeks.content.secrets, componentQualifiedNames=[com.jogeeks.content.secrets.SecretsActivity, com.jogeeks.content.secrets.SingleSecretActivity, com.jogeeks.content.secrets.LoginActivity_, com.jogeeks.content.secrets.SignupActivity, com.jogeeks.content.secrets.ProfileActivity, com.jogeeks.content.secrets.NewPostActivity, com.jogeeks.content.secrets.EditPostActivity], permissionQualifiedNames=[android.permission.ACCESS_NETWORK_STATE, android.permission.INTERNET, android.permission.WRITE_EXTERNAL_STORAGE], applicationClassName=null, libraryProject=false, debugabble=false, minSdkVersion=10, maxSdkVersion=-1, targetSdkVersion=19]
10:54:04.624 [Worker-57] INFO  o.a.r.ProjectRClassFinder:50 - Found project R class: com.jogeeks.content.secrets.R
10:54:04.630 [Worker-57] INFO  o.a.r.AndroidRClassFinder:44 - Found Android class: android.R
10:54:04.707 [Worker-57] INFO  o.a.p.ModelValidator:42 - Validating elements
10:54:04.710 [Worker-57] DEBUG o.a.p.ModelValidator:62 - Validating with EActivityHandler: [com.jogeeks.content.secrets.LoginActivity]
10:54:04.724 [Worker-57] INFO  o.a.p.ModelProcessor:73 - Processing root elements
10:54:04.726 [Worker-57] DEBUG o.a.p.ModelProcessor:80 - Processing root elements EActivityHandler: [com.jogeeks.content.secrets.LoginActivity]
10:54:04.855 [Worker-57] INFO  o.a.p.ModelProcessor:104 - Processing enclosed elements
10:54:04.856 [Worker-57] INFO  o.a.AndroidAnnotationProcessor:251 - Number of files generated by AndroidAnnotations: 1
10:54:04.859 [Worker-57] INFO  o.a.g.ApiCodeGenerator:52 - Writting following API classes in project: []
10:54:04.886 [Worker-57] DEBUG o.a.g.SourceCodewriter:55 - Generating class: com.jogeeks.content.secrets.LoginActivity_
10:54:05.41 [Worker-57] INFO  o.a.p.TimeStats:81 - Time measurements: [Whole Processing = 449 ms], [Generate Sources = 185 ms], [Process Annotations = 140 ms], [Find R Classes = 62 ms], [Extract Annotations = 17 ms], [Extract Manifest = 9 ms], [Validate Annotations = 9 ms], 
10:54:05.42 [Worker-57] INFO  o.a.AndroidAnnotationProcessor:123 - Finish processing
11:02:54.475 [Worker-60] INFO  o.a.AndroidAnnotationProcessor:85 - Initialize AndroidAnnotations 3.0.1 with options {phase=BUILD}
11:02:54.536 [Worker-60] INFO  o.a.AndroidAnnotationProcessor:109 - Start processing for 1 annotations on 19 elements
11:02:54.594 [Worker-60] DEBUG o.a.h.AndroidManifestFinder:137 - AndroidManifest.xml file found in parent folder C:\Users\ThUNdErX\Dropbox\JoGeeks - 2014\First Quarter\Secrets\Raed: C:\Users\ThUNdErX\Dropbox\JoGeeks - 2014\First Quarter\Secrets\Raed\AndroidManifest.xml
11:02:54.597 [Worker-60] INFO  o.a.AndroidAnnotationProcessor:172 - AndroidManifest.xml found: AndroidManifest [applicationPackage=com.jogeeks.content.secrets, componentQualifiedNames=[com.jogeeks.content.secrets.SecretsActivity, com.jogeeks.content.secrets.SingleSecretActivity, com.jogeeks.content.secrets.LoginActivity_, com.jogeeks.content.secrets.SignupActivity, com.jogeeks.content.secrets.ProfileActivity, com.jogeeks.content.secrets.NewPostActivity, com.jogeeks.content.secrets.EditPostActivity], permissionQualifiedNames=[android.permission.ACCESS_NETWORK_STATE, android.permission.INTERNET, android.permission.WRITE_EXTERNAL_STORAGE], applicationClassName=null, libraryProject=false, debugabble=false, minSdkVersion=10, maxSdkVersion=-1, targetSdkVersion=19]
11:02:54.598 [Worker-60] INFO  o.a.r.ProjectRClassFinder:50 - Found project R class: com.jogeeks.content.secrets.R
11:02:54.599 [Worker-60] INFO  o.a.r.AndroidRClassFinder:44 - Found Android class: android.R
11:02:54.608 [Worker-60] INFO  o.a.p.ModelValidator:42 - Validating elements
11:02:54.609 [Worker-60] DEBUG o.a.p.ModelValidator:62 - Validating with EActivityHandler: [com.jogeeks.content.secrets.LoginActivity]
11:02:54.610 [Worker-60] INFO  o.a.p.ModelProcessor:73 - Processing root elements
11:02:54.610 [Worker-60] DEBUG o.a.p.ModelProcessor:80 - Processing root elements EActivityHandler: [com.jogeeks.content.secrets.LoginActivity]
11:02:54.613 [Worker-60] INFO  o.a.p.ModelProcessor:104 - Processing enclosed elements
11:02:54.614 [Worker-60] INFO  o.a.AndroidAnnotationProcessor:251 - Number of files generated by AndroidAnnotations: 1
11:02:54.615 [Worker-60] INFO  o.a.g.ApiCodeGenerator:52 - Writting following API classes in project: []
11:02:54.615 [Worker-60] DEBUG o.a.g.SourceCodewriter:55 - Generating class: com.jogeeks.content.secrets.LoginActivity_
11:02:54.627 [Worker-60] INFO  o.a.p.TimeStats:81 - Time measurements: [Whole Processing = 91 ms], [Extract Annotations = 57 ms], [Generate Sources = 13 ms], [Find R Classes = 10 ms], [Process Annotations = 5 ms], [Extract Manifest = 3 ms], [Validate Annotations = 1 ms], 
11:02:54.628 [Worker-60] INFO  o.a.AndroidAnnotationProcessor:123 - Finish processing
11:03:04.484 [Worker-74] INFO  o.a.AndroidAnnotationProcessor:85 - Initialize AndroidAnnotations 3.0.1 with options {phase=BUILD}
11:03:04.487 [Worker-74] INFO  o.a.AndroidAnnotationProcessor:109 - Start processing for 1 annotations on 1 elements
11:03:04.497 [Worker-74] DEBUG o.a.h.AndroidManifestFinder:137 - AndroidManifest.xml file found in parent folder C:\Users\ThUNdErX\Dropbox\JoGeeks - 2014\First Quarter\Secrets\Raed: C:\Users\ThUNdErX\Dropbox\JoGeeks - 2014\First Quarter\Secrets\Raed\AndroidManifest.xml
11:03:04.513 [Worker-74] INFO  o.a.AndroidAnnotationProcessor:172 - AndroidManifest.xml found: AndroidManifest [applicationPackage=com.jogeeks.content.secrets, componentQualifiedNames=[com.jogeeks.content.secrets.SecretsActivity, com.jogeeks.content.secrets.SingleSecretActivity, com.jogeeks.content.secrets.LoginActivity_, com.jogeeks.content.secrets.SignupActivity, com.jogeeks.content.secrets.ProfileActivity, com.jogeeks.content.secrets.NewPostActivity, com.jogeeks.content.secrets.EditPostActivity], permissionQualifiedNames=[android.permission.ACCESS_NETWORK_STATE, android.permission.INTERNET, android.permission.WRITE_EXTERNAL_STORAGE], applicationClassName=null, libraryProject=false, debugabble=false, minSdkVersion=10, maxSdkVersion=-1, targetSdkVersion=19]
11:03:04.515 [Worker-74] INFO  o.a.r.ProjectRClassFinder:50 - Found project R class: com.jogeeks.content.secrets.R
11:03:04.528 [Worker-74] INFO  o.a.r.AndroidRClassFinder:44 - Found Android class: android.R
11:03:04.537 [Worker-74] INFO  o.a.p.ModelValidator:42 - Validating elements
11:03:04.539 [Worker-74] DEBUG o.a.p.ModelValidator:62 - Validating with EActivityHandler: [com.jogeeks.content.secrets.LoginActivity]
11:03:04.542 [Worker-74] INFO  o.a.p.ModelProcessor:73 - Processing root elements
11:03:04.544 [Worker-74] DEBUG o.a.p.ModelProcessor:80 - Processing root elements EActivityHandler: [com.jogeeks.content.secrets.LoginActivity]
11:03:04.546 [Worker-74] INFO  o.a.p.ModelProcessor:104 - Processing enclosed elements
11:03:04.547 [Worker-74] INFO  o.a.AndroidAnnotationProcessor:251 - Number of files generated by AndroidAnnotations: 1
11:03:04.547 [Worker-74] INFO  o.a.g.ApiCodeGenerator:52 - Writting following API classes in project: []
11:03:04.548 [Worker-74] DEBUG o.a.g.SourceCodewriter:55 - Generating class: com.jogeeks.content.secrets.LoginActivity_
11:03:04.555 [Worker-74] INFO  o.a.p.TimeStats:81 - Time measurements: [Whole Processing = 68 ms], [Find R Classes = 22 ms], [Extract Manifest = 16 ms], [Extract Annotations = 8 ms], [Generate Sources = 8 ms], [Process Annotations = 6 ms], [Validate Annotations = 4 ms], 
11:03:04.555 [Worker-74] INFO  o.a.AndroidAnnotationProcessor:123 - Finish processing
11:04:43.957 [Worker-82] INFO  o.a.AndroidAnnotationProcessor:85 - Initialize AndroidAnnotations 3.0.1 with options {phase=BUILD}
11:04:58.555 [Worker-74] INFO  o.a.AndroidAnnotationProcessor:85 - Initialize AndroidAnnotations 3.0.1 with options {phase=BUILD}
11:05:08.755 [Worker-75] INFO  o.a.AndroidAnnotationProcessor:85 - Initialize AndroidAnnotations 3.0.1 with options {phase=BUILD}
11:05:08.759 [Worker-75] INFO  o.a.AndroidAnnotationProcessor:109 - Start processing for 1 annotations on 3 elements
11:05:08.770 [Worker-75] DEBUG o.a.h.AndroidManifestFinder:137 - AndroidManifest.xml file found in parent folder C:\Users\ThUNdErX\Dropbox\JoGeeks - 2014\First Quarter\Secrets\Raed: C:\Users\ThUNdErX\Dropbox\JoGeeks - 2014\First Quarter\Secrets\Raed\AndroidManifest.xml
11:05:08.775 [Worker-75] INFO  o.a.AndroidAnnotationProcessor:172 - AndroidManifest.xml found: AndroidManifest [applicationPackage=com.jogeeks.content.secrets, componentQualifiedNames=[com.jogeeks.content.secrets.SecretsActivity, com.jogeeks.content.secrets.SingleSecretActivity, com.jogeeks.content.secrets.LoginActivity_, com.jogeeks.content.secrets.SignupActivity, com.jogeeks.content.secrets.ProfileActivity, com.jogeeks.content.secrets.NewPostActivity, com.jogeeks.content.secrets.EditPostActivity], permissionQualifiedNames=[android.permission.ACCESS_NETWORK_STATE, android.permission.INTERNET, android.permission.WRITE_EXTERNAL_STORAGE], applicationClassName=null, libraryProject=false, debugabble=false, minSdkVersion=10, maxSdkVersion=-1, targetSdkVersion=19]
11:05:08.777 [Worker-75] INFO  o.a.r.ProjectRClassFinder:50 - Found project R class: com.jogeeks.content.secrets.R
11:05:08.780 [Worker-75] INFO  o.a.r.AndroidRClassFinder:44 - Found Android class: android.R
11:05:08.789 [Worker-75] INFO  o.a.p.ModelValidator:42 - Validating elements
11:05:08.792 [Worker-75] DEBUG o.a.p.ModelValidator:62 - Validating with ViewByIdHandler: [usernameInput]
11:05:08.795 [Worker-75] ERROR o.a.h.AnnotationHelper:110 - @org.androidannotations.annotations.ViewById can only be used in a class annotated with @org.androidannotations.annotations.EActivity, @org.androidannotations.annotations.EViewGroup, @org.androidannotations.annotations.EView, @org.androidannotations.annotations.EBean, @org.androidannotations.annotations.EFragment.
11:05:08.798 [Worker-75] WARN  o.a.p.ModelValidator:69 - Element ViewByIdHandler unvalidated by 
11:05:08.798 [Worker-75] INFO  o.a.p.ModelProcessor:73 - Processing root elements
11:05:08.800 [Worker-75] INFO  o.a.p.ModelProcessor:104 - Processing enclosed elements
11:05:08.801 [Worker-75] INFO  o.a.AndroidAnnotationProcessor:251 - Number of files generated by AndroidAnnotations: 0
11:05:08.802 [Worker-75] INFO  o.a.g.ApiCodeGenerator:52 - Writting following API classes in project: []
11:05:08.802 [Worker-75] INFO  o.a.p.TimeStats:81 - Time measurements: [Whole Processing = 43 ms], [Find R Classes = 12 ms], [Extract Annotations = 9 ms], [Validate Annotations = 9 ms], [Extract Manifest = 5 ms], [Process Annotations = 3 ms], [Generate Sources = 1 ms], 
11:05:08.803 [Worker-75] INFO  o.a.AndroidAnnotationProcessor:123 - Finish processing
11:05:32.732 [Worker-81] INFO  o.a.AndroidAnnotationProcessor:85 - Initialize AndroidAnnotations 3.0.1 with options {phase=BUILD}
11:05:32.734 [Worker-81] INFO  o.a.AndroidAnnotationProcessor:109 - Start processing for 2 annotations on 3 elements
11:05:32.743 [Worker-81] DEBUG o.a.h.AndroidManifestFinder:137 - AndroidManifest.xml file found in parent folder C:\Users\ThUNdErX\Dropbox\JoGeeks - 2014\First Quarter\Secrets\Raed: C:\Users\ThUNdErX\Dropbox\JoGeeks - 2014\First Quarter\Secrets\Raed\AndroidManifest.xml
11:05:32.747 [Worker-81] INFO  o.a.AndroidAnnotationProcessor:172 - AndroidManifest.xml found: AndroidManifest [applicationPackage=com.jogeeks.content.secrets, componentQualifiedNames=[com.jogeeks.content.secrets.SecretsActivity, com.jogeeks.content.secrets.SingleSecretActivity, com.jogeeks.content.secrets.LoginActivity_, com.jogeeks.content.secrets.SignupActivity, com.jogeeks.content.secrets.ProfileActivity, com.jogeeks.content.secrets.NewPostActivity, com.jogeeks.content.secrets.EditPostActivity], permissionQualifiedNames=[android.permission.ACCESS_NETWORK_STATE, android.permission.INTERNET, android.permission.WRITE_EXTERNAL_STORAGE], applicationClassName=null, libraryProject=false, debugabble=false, minSdkVersion=10, maxSdkVersion=-1, targetSdkVersion=19]
11:05:32.749 [Worker-81] INFO  o.a.r.ProjectRClassFinder:50 - Found project R class: com.jogeeks.content.secrets.R
11:05:32.751 [Worker-81] INFO  o.a.r.AndroidRClassFinder:44 - Found Android class: android.R
11:05:32.759 [Worker-81] INFO  o.a.p.ModelValidator:42 - Validating elements
11:05:32.761 [Worker-81] DEBUG o.a.p.ModelValidator:62 - Validating with EActivityHandler: [com.jogeeks.content.secrets.LoginActivity]
11:05:32.763 [Worker-81] DEBUG o.a.p.ModelValidator:62 - Validating with ViewByIdHandler: [usernameInput]
11:05:32.767 [Worker-81] INFO  o.a.p.ModelProcessor:73 - Processing root elements
11:05:32.768 [Worker-81] DEBUG o.a.p.ModelProcessor:80 - Processing root elements EActivityHandler: [com.jogeeks.content.secrets.LoginActivity]
11:05:32.770 [Worker-81] INFO  o.a.p.ModelProcessor:104 - Processing enclosed elements
11:05:32.772 [Worker-81] INFO  o.a.AndroidAnnotationProcessor:251 - Number of files generated by AndroidAnnotations: 1
11:05:32.772 [Worker-81] INFO  o.a.g.ApiCodeGenerator:52 - Writting following API classes in project: []
11:05:32.773 [Worker-81] DEBUG o.a.g.SourceCodewriter:55 - Generating class: com.jogeeks.content.secrets.LoginActivity_
11:05:32.781 [Worker-81] INFO  o.a.p.TimeStats:81 - Time measurements: [Whole Processing = 47 ms], [Find R Classes = 10 ms], [Generate Sources = 10 ms], [Validate Annotations = 8 ms], [Extract Annotations = 7 ms], [Extract Manifest = 4 ms], [Process Annotations = 4 ms], 
11:05:32.782 [Worker-81] INFO  o.a.AndroidAnnotationProcessor:123 - Finish processing
11:07:03.475 [Worker-85] INFO  o.a.AndroidAnnotationProcessor:85 - Initialize AndroidAnnotations 3.0.1 with options {phase=BUILD}
11:07:03.479 [Worker-85] INFO  o.a.AndroidAnnotationProcessor:109 - Start processing for 2 annotations on 1 elements
11:07:03.495 [Worker-85] DEBUG o.a.h.AndroidManifestFinder:137 - AndroidManifest.xml file found in parent folder C:\Users\ThUNdErX\Dropbox\JoGeeks - 2014\First Quarter\Secrets\Raed: C:\Users\ThUNdErX\Dropbox\JoGeeks - 2014\First Quarter\Secrets\Raed\AndroidManifest.xml
11:07:03.500 [Worker-85] INFO  o.a.AndroidAnnotationProcessor:172 - AndroidManifest.xml found: AndroidManifest [applicationPackage=com.jogeeks.content.secrets, componentQualifiedNames=[com.jogeeks.content.secrets.SecretsActivity, com.jogeeks.content.secrets.SingleSecretActivity, com.jogeeks.content.secrets.LoginActivity_, com.jogeeks.content.secrets.SignupActivity, com.jogeeks.content.secrets.ProfileActivity, com.jogeeks.content.secrets.NewPostActivity, com.jogeeks.content.secrets.EditPostActivity], permissionQualifiedNames=[android.permission.ACCESS_NETWORK_STATE, android.permission.INTERNET, android.permission.WRITE_EXTERNAL_STORAGE], applicationClassName=null, libraryProject=false, debugabble=false, minSdkVersion=10, maxSdkVersion=-1, targetSdkVersion=19]
11:07:03.503 [Worker-85] INFO  o.a.r.ProjectRClassFinder:50 - Found project R class: com.jogeeks.content.secrets.R
11:07:03.506 [Worker-85] INFO  o.a.r.AndroidRClassFinder:44 - Found Android class: android.R
11:07:03.513 [Worker-85] INFO  o.a.p.ModelValidator:42 - Validating elements
11:07:03.515 [Worker-85] DEBUG o.a.p.ModelValidator:62 - Validating with EActivityHandler: [com.jogeeks.content.secrets.LoginActivity]
11:07:03.517 [Worker-85] DEBUG o.a.p.ModelValidator:62 - Validating with ViewByIdHandler: [passwordInput, usernameInput]
11:07:03.521 [Worker-85] INFO  o.a.p.ModelProcessor:73 - Processing root elements
11:07:03.521 [Worker-85] DEBUG o.a.p.ModelProcessor:80 - Processing root elements EActivityHandler: [com.jogeeks.content.secrets.LoginActivity]
11:07:03.524 [Worker-85] INFO  o.a.p.ModelProcessor:104 - Processing enclosed elements
11:07:03.525 [Worker-85] INFO  o.a.AndroidAnnotationProcessor:251 - Number of files generated by AndroidAnnotations: 1
11:07:03.526 [Worker-85] INFO  o.a.g.ApiCodeGenerator:52 - Writting following API classes in project: []
11:07:03.526 [Worker-85] DEBUG o.a.g.SourceCodewriter:55 - Generating class: com.jogeeks.content.secrets.LoginActivity_
11:07:03.552 [Worker-85] INFO  o.a.p.TimeStats:81 - Time measurements: [Whole Processing = 73 ms], [Generate Sources = 27 ms], [Extract Annotations = 12 ms], [Find R Classes = 10 ms], [Validate Annotations = 7 ms], [Extract Manifest = 5 ms], [Process Annotations = 5 ms], 
11:07:03.553 [Worker-85] INFO  o.a.AndroidAnnotationProcessor:123 - Finish processing
11:07:34.654 [Worker-84] INFO  o.a.AndroidAnnotationProcessor:85 - Initialize AndroidAnnotations 3.0.1 with options {phase=BUILD}
11:07:34.655 [Worker-84] INFO  o.a.AndroidAnnotationProcessor:109 - Start processing for 2 annotations on 1 elements
11:07:34.665 [Worker-84] DEBUG o.a.h.AndroidManifestFinder:137 - AndroidManifest.xml file found in parent folder C:\Users\ThUNdErX\Dropbox\JoGeeks - 2014\First Quarter\Secrets\Raed: C:\Users\ThUNdErX\Dropbox\JoGeeks - 2014\First Quarter\Secrets\Raed\AndroidManifest.xml
11:07:34.669 [Worker-84] INFO  o.a.AndroidAnnotationProcessor:172 - AndroidManifest.xml found: AndroidManifest [applicationPackage=com.jogeeks.content.secrets, componentQualifiedNames=[com.jogeeks.content.secrets.SecretsActivity, com.jogeeks.content.secrets.SingleSecretActivity, com.jogeeks.content.secrets.LoginActivity_, com.jogeeks.content.secrets.SignupActivity, com.jogeeks.content.secrets.ProfileActivity, com.jogeeks.content.secrets.NewPostActivity, com.jogeeks.content.secrets.EditPostActivity], permissionQualifiedNames=[android.permission.ACCESS_NETWORK_STATE, android.permission.INTERNET, android.permission.WRITE_EXTERNAL_STORAGE], applicationClassName=null, libraryProject=false, debugabble=false, minSdkVersion=10, maxSdkVersion=-1, targetSdkVersion=19]
11:07:34.670 [Worker-84] INFO  o.a.r.ProjectRClassFinder:50 - Found project R class: com.jogeeks.content.secrets.R
11:07:34.671 [Worker-84] INFO  o.a.r.AndroidRClassFinder:44 - Found Android class: android.R
11:07:34.675 [Worker-84] INFO  o.a.p.ModelValidator:42 - Validating elements
11:07:34.676 [Worker-84] DEBUG o.a.p.ModelValidator:62 - Validating with EActivityHandler: [com.jogeeks.content.secrets.LoginActivity]
11:07:34.677 [Worker-84] DEBUG o.a.p.ModelValidator:62 - Validating with ViewByIdHandler: [passwordInput, loginButton, usernameInput]
11:07:34.679 [Worker-84] INFO  o.a.p.ModelProcessor:73 - Processing root elements
11:07:34.679 [Worker-84] DEBUG o.a.p.ModelProcessor:80 - Processing root elements EActivityHandler: [com.jogeeks.content.secrets.LoginActivity]
11:07:34.681 [Worker-84] INFO  o.a.p.ModelProcessor:104 - Processing enclosed elements
11:07:34.682 [Worker-84] INFO  o.a.AndroidAnnotationProcessor:251 - Number of files generated by AndroidAnnotations: 1
11:07:34.683 [Worker-84] INFO  o.a.g.ApiCodeGenerator:52 - Writting following API classes in project: []
11:07:34.683 [Worker-84] DEBUG o.a.g.SourceCodewriter:55 - Generating class: com.jogeeks.content.secrets.LoginActivity_
11:07:34.698 [Worker-84] INFO  o.a.p.TimeStats:81 - Time measurements: [Whole Processing = 43 ms], [Generate Sources = 16 ms], [Extract Annotations = 9 ms], [Find R Classes = 6 ms], [Extract Manifest = 4 ms], [Validate Annotations = 4 ms], [Process Annotations = 3 ms], 
11:07:34.699 [Worker-84] INFO  o.a.AndroidAnnotationProcessor:123 - Finish processing
11:11:58.783 [Worker-60] INFO  o.a.AndroidAnnotationProcessor:85 - Initialize AndroidAnnotations 3.0.1 with options {phase=BUILD}
11:11:58.787 [Worker-60] INFO  o.a.AndroidAnnotationProcessor:109 - Start processing for 3 annotations on 1 elements
11:11:58.798 [Worker-60] DEBUG o.a.h.AndroidManifestFinder:137 - AndroidManifest.xml file found in parent folder C:\Users\ThUNdErX\Dropbox\JoGeeks - 2014\First Quarter\Secrets\Raed: C:\Users\ThUNdErX\Dropbox\JoGeeks - 2014\First Quarter\Secrets\Raed\AndroidManifest.xml
11:11:58.802 [Worker-60] INFO  o.a.AndroidAnnotationProcessor:172 - AndroidManifest.xml found: AndroidManifest [applicationPackage=com.jogeeks.content.secrets, componentQualifiedNames=[com.jogeeks.content.secrets.SecretsActivity, com.jogeeks.content.secrets.SingleSecretActivity, com.jogeeks.content.secrets.LoginActivity_, com.jogeeks.content.secrets.SignupActivity, com.jogeeks.content.secrets.ProfileActivity, com.jogeeks.content.secrets.NewPostActivity, com.jogeeks.content.secrets.EditPostActivity], permissionQualifiedNames=[android.permission.ACCESS_NETWORK_STATE, android.permission.INTERNET, android.permission.WRITE_EXTERNAL_STORAGE], applicationClassName=null, libraryProject=false, debugabble=false, minSdkVersion=10, maxSdkVersion=-1, targetSdkVersion=19]
11:11:58.805 [Worker-60] INFO  o.a.r.ProjectRClassFinder:50 - Found project R class: com.jogeeks.content.secrets.R
11:11:58.808 [Worker-60] INFO  o.a.r.AndroidRClassFinder:44 - Found Android class: android.R
11:11:58.814 [Worker-60] INFO  o.a.p.ModelValidator:42 - Validating elements
11:11:58.817 [Worker-60] DEBUG o.a.p.ModelValidator:62 - Validating with EActivityHandler: [com.jogeeks.content.secrets.LoginActivity]
11:11:58.819 [Worker-60] DEBUG o.a.p.ModelValidator:62 - Validating with ViewByIdHandler: [usernameInput, loginButton, passwordInput]
11:11:58.823 [Worker-60] DEBUG o.a.p.ModelValidator:62 - Validating with ClickHandler: [void login() ]
11:11:58.861 [Worker-60] INFO  o.a.p.ModelProcessor:73 - Processing root elements
11:11:58.862 [Worker-60] DEBUG o.a.p.ModelProcessor:80 - Processing root elements EActivityHandler: [com.jogeeks.content.secrets.LoginActivity]
11:11:58.864 [Worker-60] INFO  o.a.p.ModelProcessor:104 - Processing enclosed elements
11:11:58.865 [Worker-60] INFO  o.a.AndroidAnnotationProcessor:251 - Number of files generated by AndroidAnnotations: 1
11:11:58.866 [Worker-60] INFO  o.a.g.ApiCodeGenerator:52 - Writting following API classes in project: []
11:11:58.866 [Worker-60] DEBUG o.a.g.SourceCodewriter:55 - Generating class: com.jogeeks.content.secrets.LoginActivity_
11:11:58.902 [Worker-60] INFO  o.a.p.TimeStats:81 - Time measurements: [Whole Processing = 115 ms], [Validate Annotations = 47 ms], [Generate Sources = 37 ms], [Find R Classes = 9 ms], [Extract Annotations = 8 ms], [Extract Manifest = 5 ms], [Process Annotations = 4 ms], 
11:11:58.903 [Worker-60] INFO  o.a.AndroidAnnotationProcessor:123 - Finish processing
11:13:40.590 [Worker-96] INFO  o.a.AndroidAnnotationProcessor:85 - Initialize AndroidAnnotations 3.0.1 with options {phase=BUILD}
11:13:58.180 [Worker-96] INFO  o.a.AndroidAnnotationProcessor:85 - Initialize AndroidAnnotations 3.0.1 with options {phase=BUILD}
11:13:58.184 [Worker-96] INFO  o.a.AndroidAnnotationProcessor:109 - Start processing for 3 annotations on 19 elements
11:13:58.211 [Worker-96] DEBUG o.a.h.AndroidManifestFinder:137 - AndroidManifest.xml file found in parent folder C:\Users\ThUNdErX\Dropbox\JoGeeks - 2014\First Quarter\Secrets\Raed: C:\Users\ThUNdErX\Dropbox\JoGeeks - 2014\First Quarter\Secrets\Raed\AndroidManifest.xml
11:13:58.217 [Worker-96] INFO  o.a.AndroidAnnotationProcessor:172 - AndroidManifest.xml found: AndroidManifest [applicationPackage=com.jogeeks.content.secrets, componentQualifiedNames=[com.jogeeks.content.secrets.SecretsActivity, com.jogeeks.content.secrets.SingleSecretActivity, com.jogeeks.content.secrets.LoginActivity_, com.jogeeks.content.secrets.SignupActivity, com.jogeeks.content.secrets.ProfileActivity, com.jogeeks.content.secrets.NewPostActivity, com.jogeeks.content.secrets.EditPostActivity], permissionQualifiedNames=[android.permission.ACCESS_NETWORK_STATE, android.permission.INTERNET, android.permission.WRITE_EXTERNAL_STORAGE], applicationClassName=null, libraryProject=false, debugabble=false, minSdkVersion=10, maxSdkVersion=-1, targetSdkVersion=19]
11:13:58.220 [Worker-96] INFO  o.a.r.ProjectRClassFinder:50 - Found project R class: com.jogeeks.content.secrets.R
11:13:58.224 [Worker-96] INFO  o.a.r.AndroidRClassFinder:44 - Found Android class: android.R
11:13:58.232 [Worker-96] INFO  o.a.p.ModelValidator:42 - Validating elements
11:13:58.236 [Worker-96] DEBUG o.a.p.ModelValidator:62 - Validating with EActivityHandler: [com.jogeeks.content.secrets.LoginActivity]
11:13:58.239 [Worker-96] DEBUG o.a.p.ModelValidator:62 - Validating with ViewByIdHandler: [passwordInput, loginButton, usernameInput]
11:13:58.243 [Worker-96] DEBUG o.a.p.ModelValidator:62 - Validating with ClickHandler: [void login() ]
11:13:58.244 [Worker-96] INFO  o.a.p.ModelProcessor:73 - Processing root elements
11:13:58.245 [Worker-96] DEBUG o.a.p.ModelProcessor:80 - Processing root elements EActivityHandler: [com.jogeeks.content.secrets.LoginActivity]
11:13:58.247 [Worker-96] INFO  o.a.p.ModelProcessor:104 - Processing enclosed elements
11:13:58.249 [Worker-96] INFO  o.a.AndroidAnnotationProcessor:251 - Number of files generated by AndroidAnnotations: 1
11:13:58.249 [Worker-96] INFO  o.a.g.ApiCodeGenerator:52 - Writting following API classes in project: []
11:13:58.250 [Worker-96] DEBUG o.a.g.SourceCodewriter:55 - Generating class: com.jogeeks.content.secrets.LoginActivity_
11:13:58.256 [Worker-96] INFO  o.a.p.TimeStats:81 - Time measurements: [Whole Processing = 72 ms], [Extract Annotations = 24 ms], [Find R Classes = 12 ms], [Validate Annotations = 12 ms], [Generate Sources = 7 ms], [Extract Manifest = 6 ms], [Process Annotations = 5 ms], 
11:13:58.257 [Worker-96] INFO  o.a.AndroidAnnotationProcessor:123 - Finish processing
11:16:15.263 [Worker-80] INFO  o.a.AndroidAnnotationProcessor:85 - Initialize AndroidAnnotations 3.0.1 with options {phase=BUILD}
11:16:15.315 [Worker-80] INFO  o.a.AndroidAnnotationProcessor:109 - Start processing for 3 annotations on 19 elements
11:16:15.340 [Worker-80] DEBUG o.a.h.AndroidManifestFinder:137 - AndroidManifest.xml file found in parent folder C:\Users\ThUNdErX\Dropbox\JoGeeks - 2014\First Quarter\Secrets\Raed: C:\Users\ThUNdErX\Dropbox\JoGeeks - 2014\First Quarter\Secrets\Raed\AndroidManifest.xml
11:16:15.345 [Worker-80] INFO  o.a.AndroidAnnotationProcessor:172 - AndroidManifest.xml found: AndroidManifest [applicationPackage=com.jogeeks.content.secrets, componentQualifiedNames=[com.jogeeks.content.secrets.SecretsActivity, com.jogeeks.content.secrets.SingleSecretActivity, com.jogeeks.content.secrets.LoginActivity_, com.jogeeks.content.secrets.SignupActivity, com.jogeeks.content.secrets.ProfileActivity, com.jogeeks.content.secrets.NewPostActivity, com.jogeeks.content.secrets.EditPostActivity], permissionQualifiedNames=[android.permission.ACCESS_NETWORK_STATE, android.permission.INTERNET, android.permission.WRITE_EXTERNAL_STORAGE], applicationClassName=null, libraryProject=false, debugabble=false, minSdkVersion=10, maxSdkVersion=-1, targetSdkVersion=19]
11:16:15.348 [Worker-80] INFO  o.a.r.ProjectRClassFinder:50 - Found project R class: com.jogeeks.content.secrets.R
11:16:15.353 [Worker-80] INFO  o.a.r.AndroidRClassFinder:44 - Found Android class: android.R
11:16:15.374 [Worker-80] INFO  o.a.p.ModelValidator:42 - Validating elements
11:16:15.377 [Worker-80] DEBUG o.a.p.ModelValidator:62 - Validating with EActivityHandler: [com.jogeeks.content.secrets.LoginActivity]
11:16:15.381 [Worker-80] DEBUG o.a.p.ModelValidator:62 - Validating with ViewByIdHandler: [usernameInput, passwordInput, loginButton]
11:16:15.384 [Worker-80] DEBUG o.a.p.ModelValidator:62 - Validating with ClickHandler: [void login() ]
11:16:15.395 [Worker-80] INFO  o.a.p.ModelProcessor:73 - Processing root elements
11:16:15.396 [Worker-80] DEBUG o.a.p.ModelProcessor:80 - Processing root elements EActivityHandler: [com.jogeeks.content.secrets.LoginActivity]
11:16:15.415 [Worker-80] INFO  o.a.p.ModelProcessor:104 - Processing enclosed elements
11:16:15.417 [Worker-80] INFO  o.a.AndroidAnnotationProcessor:251 - Number of files generated by AndroidAnnotations: 1
11:16:15.419 [Worker-80] INFO  o.a.g.ApiCodeGenerator:52 - Writting following API classes in project: []
11:16:15.420 [Worker-80] DEBUG o.a.g.SourceCodewriter:55 - Generating class: com.jogeeks.content.secrets.LoginActivity_
11:16:15.431 [Worker-80] INFO  o.a.p.TimeStats:81 - Time measurements: [Whole Processing = 116 ms], [Process Annotations = 30 ms], [Extract Annotations = 20 ms], [Find R Classes = 17 ms], [Validate Annotations = 14 ms], [Generate Sources = 14 ms], [Extract Manifest = 7 ms], 
11:16:15.432 [Worker-80] INFO  o.a.AndroidAnnotationProcessor:123 - Finish processing
11:16:15.952 [Worker-80] INFO  o.a.AndroidAnnotationProcessor:85 - Initialize AndroidAnnotations 3.0.1 with options {phase=BUILD}
11:17:35.247 [Worker-91] INFO  o.a.AndroidAnnotationProcessor:85 - Initialize AndroidAnnotations 3.0.1 with options {phase=BUILD}
11:17:35.250 [Worker-91] INFO  o.a.AndroidAnnotationProcessor:109 - Start processing for 3 annotations on 1 elements
11:17:35.261 [Worker-91] DEBUG o.a.h.AndroidManifestFinder:137 - AndroidManifest.xml file found in parent folder C:\Users\ThUNdErX\Dropbox\JoGeeks - 2014\First Quarter\Secrets\Raed: C:\Users\ThUNdErX\Dropbox\JoGeeks - 2014\First Quarter\Secrets\Raed\AndroidManifest.xml
11:17:35.265 [Worker-91] INFO  o.a.AndroidAnnotationProcessor:172 - AndroidManifest.xml found: AndroidManifest [applicationPackage=com.jogeeks.content.secrets, componentQualifiedNames=[com.jogeeks.content.secrets.SecretsActivity, com.jogeeks.content.secrets.SingleSecretActivity, com.jogeeks.content.secrets.LoginActivity_, com.jogeeks.content.secrets.SignupActivity, com.jogeeks.content.secrets.ProfileActivity, com.jogeeks.content.secrets.NewPostActivity, com.jogeeks.content.secrets.EditPostActivity], permissionQualifiedNames=[android.permission.ACCESS_NETWORK_STATE, android.permission.INTERNET, android.permission.WRITE_EXTERNAL_STORAGE], applicationClassName=null, libraryProject=false, debugabble=false, minSdkVersion=10, maxSdkVersion=-1, targetSdkVersion=19]
11:17:35.268 [Worker-91] INFO  o.a.r.ProjectRClassFinder:50 - Found project R class: com.jogeeks.content.secrets.R
11:17:35.271 [Worker-91] INFO  o.a.r.AndroidRClassFinder:44 - Found Android class: android.R
11:17:35.279 [Worker-91] INFO  o.a.p.ModelValidator:42 - Validating elements
11:17:35.281 [Worker-91] DEBUG o.a.p.ModelValidator:62 - Validating with EActivityHandler: [com.jogeeks.content.secrets.LoginActivity]
11:17:35.283 [Worker-91] DEBUG o.a.p.ModelValidator:62 - Validating with ViewByIdHandler: [passwordInput, usernameInput, loginButton]
11:17:35.285 [Worker-91] DEBUG o.a.p.ModelValidator:62 - Validating with ClickHandler: [void login() ]
11:17:35.286 [Worker-91] INFO  o.a.p.ModelProcessor:73 - Processing root elements
11:17:35.287 [Worker-91] DEBUG o.a.p.ModelProcessor:80 - Processing root elements EActivityHandler: [com.jogeeks.content.secrets.LoginActivity]
11:17:35.289 [Worker-91] INFO  o.a.p.ModelProcessor:104 - Processing enclosed elements
11:17:35.290 [Worker-91] INFO  o.a.AndroidAnnotationProcessor:251 - Number of files generated by AndroidAnnotations: 1
11:17:35.290 [Worker-91] INFO  o.a.g.ApiCodeGenerator:52 - Writting following API classes in project: []
11:17:35.291 [Worker-91] DEBUG o.a.g.SourceCodewriter:55 - Generating class: com.jogeeks.content.secrets.LoginActivity_
11:17:35.321 [Worker-91] INFO  o.a.p.TimeStats:81 - Time measurements: [Whole Processing = 71 ms], [Generate Sources = 31 ms], [Find R Classes = 11 ms], [Extract Annotations = 9 ms], [Validate Annotations = 7 ms], [Extract Manifest = 4 ms], [Process Annotations = 4 ms], 
11:17:35.321 [Worker-91] INFO  o.a.AndroidAnnotationProcessor:123 - Finish processing
11:17:50.647 [Worker-79] INFO  o.a.AndroidAnnotationProcessor:85 - Initialize AndroidAnnotations 3.0.1 with options {phase=BUILD}
11:17:50.650 [Worker-79] INFO  o.a.AndroidAnnotationProcessor:109 - Start processing for 3 annotations on 3 elements
11:17:50.659 [Worker-79] DEBUG o.a.h.AndroidManifestFinder:137 - AndroidManifest.xml file found in parent folder C:\Users\ThUNdErX\Dropbox\JoGeeks - 2014\First Quarter\Secrets\Raed: C:\Users\ThUNdErX\Dropbox\JoGeeks - 2014\First Quarter\Secrets\Raed\AndroidManifest.xml
11:17:50.664 [Worker-79] INFO  o.a.AndroidAnnotationProcessor:172 - AndroidManifest.xml found: AndroidManifest [applicationPackage=com.jogeeks.content.secrets, componentQualifiedNames=[com.jogeeks.content.secrets.SecretsActivity, com.jogeeks.content.secrets.SingleSecretActivity, com.jogeeks.content.secrets.LoginActivity_, com.jogeeks.content.secrets.SignupActivity, com.jogeeks.content.secrets.ProfileActivity, com.jogeeks.content.secrets.NewPostActivity, com.jogeeks.content.secrets.EditPostActivity], permissionQualifiedNames=[android.permission.ACCESS_NETWORK_STATE, android.permission.INTERNET, android.permission.WRITE_EXTERNAL_STORAGE], applicationClassName=null, libraryProject=false, debugabble=false, minSdkVersion=10, maxSdkVersion=-1, targetSdkVersion=19]
11:17:50.666 [Worker-79] INFO  o.a.r.ProjectRClassFinder:50 - Found project R class: com.jogeeks.content.secrets.R
11:17:50.669 [Worker-79] INFO  o.a.r.AndroidRClassFinder:44 - Found Android class: android.R
11:17:50.676 [Worker-79] INFO  o.a.p.ModelValidator:42 - Validating elements
11:17:50.678 [Worker-79] DEBUG o.a.p.ModelValidator:62 - Validating with EActivityHandler: [com.jogeeks.content.secrets.LoginActivity]
11:17:50.679 [Worker-79] DEBUG o.a.p.ModelValidator:62 - Validating with ViewByIdHandler: [loginButton, usernameInput, passwordInput]
11:17:50.681 [Worker-79] DEBUG o.a.p.ModelValidator:62 - Validating with ClickHandler: [void login() ]
11:17:50.682 [Worker-79] INFO  o.a.p.ModelProcessor:73 - Processing root elements
11:17:50.682 [Worker-79] DEBUG o.a.p.ModelProcessor:80 - Processing root elements EActivityHandler: [com.jogeeks.content.secrets.LoginActivity]
11:17:50.684 [Worker-79] INFO  o.a.p.ModelProcessor:104 - Processing enclosed elements
11:17:50.685 [Worker-79] INFO  o.a.AndroidAnnotationProcessor:251 - Number of files generated by AndroidAnnotations: 1
11:17:50.686 [Worker-79] INFO  o.a.g.ApiCodeGenerator:52 - Writting following API classes in project: []
11:17:50.686 [Worker-79] DEBUG o.a.g.SourceCodewriter:55 - Generating class: com.jogeeks.content.secrets.LoginActivity_
11:17:50.744 [Worker-79] INFO  o.a.p.TimeStats:81 - Time measurements: [Whole Processing = 94 ms], [Generate Sources = 59 ms], [Find R Classes = 10 ms], [Extract Annotations = 7 ms], [Validate Annotations = 6 ms], [Extract Manifest = 5 ms], [Process Annotations = 3 ms], 
11:17:50.746 [Worker-79] INFO  o.a.AndroidAnnotationProcessor:123 - Finish processing
11:20:41.69 [Worker-94] INFO  o.a.AndroidAnnotationProcessor:85 - Initialize AndroidAnnotations 3.0.1 with options {phase=BUILD}
11:20:41.72 [Worker-94] INFO  o.a.AndroidAnnotationProcessor:109 - Start processing for 4 annotations on 1 elements
11:20:41.83 [Worker-94] DEBUG o.a.h.AndroidManifestFinder:137 - AndroidManifest.xml file found in parent folder C:\Users\ThUNdErX\Dropbox\JoGeeks - 2014\First Quarter\Secrets\Raed: C:\Users\ThUNdErX\Dropbox\JoGeeks - 2014\First Quarter\Secrets\Raed\AndroidManifest.xml
11:20:41.88 [Worker-94] INFO  o.a.AndroidAnnotationProcessor:172 - AndroidManifest.xml found: AndroidManifest [applicationPackage=com.jogeeks.content.secrets, componentQualifiedNames=[com.jogeeks.content.secrets.SecretsActivity, com.jogeeks.content.secrets.SingleSecretActivity, com.jogeeks.content.secrets.LoginActivity_, com.jogeeks.content.secrets.SignupActivity, com.jogeeks.content.secrets.ProfileActivity, com.jogeeks.content.secrets.NewPostActivity, com.jogeeks.content.secrets.EditPostActivity], permissionQualifiedNames=[android.permission.ACCESS_NETWORK_STATE, android.permission.INTERNET, android.permission.WRITE_EXTERNAL_STORAGE], applicationClassName=null, libraryProject=false, debugabble=false, minSdkVersion=10, maxSdkVersion=-1, targetSdkVersion=19]
11:20:41.90 [Worker-94] INFO  o.a.r.ProjectRClassFinder:50 - Found project R class: com.jogeeks.content.secrets.R
11:20:41.101 [Worker-94] INFO  o.a.r.AndroidRClassFinder:44 - Found Android class: android.R
11:20:41.108 [Worker-94] INFO  o.a.p.ModelValidator:42 - Validating elements
11:20:41.111 [Worker-94] DEBUG o.a.p.ModelValidator:62 - Validating with EActivityHandler: [com.jogeeks.content.secrets.LoginActivity]
11:20:41.113 [Worker-94] DEBUG o.a.p.ModelValidator:62 - Validating with ViewByIdHandler: [loginButton, usernameInput, passwordInput]
11:20:41.115 [Worker-94] DEBUG o.a.p.ModelValidator:62 - Validating with ClickHandler: [void login() ]
11:20:41.116 [Worker-94] DEBUG o.a.p.ModelValidator:62 - Validating with OptionsMenuHandler: [com.jogeeks.content.secrets.LoginActivity]
11:20:41.118 [Worker-94] INFO  o.a.p.ModelProcessor:73 - Processing root elements
11:20:41.118 [Worker-94] DEBUG o.a.p.ModelProcessor:80 - Processing root elements EActivityHandler: [com.jogeeks.content.secrets.LoginActivity]
11:20:41.121 [Worker-94] INFO  o.a.p.ModelProcessor:104 - Processing enclosed elements
11:20:41.122 [Worker-94] INFO  o.a.AndroidAnnotationProcessor:251 - Number of files generated by AndroidAnnotations: 1
11:20:41.122 [Worker-94] INFO  o.a.g.ApiCodeGenerator:52 - Writting following API classes in project: []
11:20:41.123 [Worker-94] DEBUG o.a.g.SourceCodewriter:55 - Generating class: com.jogeeks.content.secrets.LoginActivity_
11:20:41.134 [Worker-94] INFO  o.a.p.TimeStats:81 - Time measurements: [Whole Processing = 62 ms], [Find R Classes = 18 ms], [Generate Sources = 12 ms], [Validate Annotations = 10 ms], [Extract Annotations = 9 ms], [Extract Manifest = 5 ms], [Process Annotations = 4 ms], 
11:20:41.135 [Worker-94] INFO  o.a.AndroidAnnotationProcessor:123 - Finish processing
11:21:57.243 [Worker-81] INFO  o.a.AndroidAnnotationProcessor:85 - Initialize AndroidAnnotations 3.0.1 with options {phase=BUILD}
11:21:57.245 [Worker-81] INFO  o.a.AndroidAnnotationProcessor:109 - Start processing for 4 annotations on 1 elements
11:21:57.254 [Worker-81] DEBUG o.a.h.AndroidManifestFinder:137 - AndroidManifest.xml file found in parent folder C:\Users\ThUNdErX\Dropbox\JoGeeks - 2014\First Quarter\Secrets\Raed: C:\Users\ThUNdErX\Dropbox\JoGeeks - 2014\First Quarter\Secrets\Raed\AndroidManifest.xml
11:21:57.258 [Worker-81] INFO  o.a.AndroidAnnotationProcessor:172 - AndroidManifest.xml found: AndroidManifest [applicationPackage=com.jogeeks.content.secrets, componentQualifiedNames=[com.jogeeks.content.secrets.SecretsActivity, com.jogeeks.content.secrets.SingleSecretActivity, com.jogeeks.content.secrets.LoginActivity_, com.jogeeks.content.secrets.SignupActivity, com.jogeeks.content.secrets.ProfileActivity, com.jogeeks.content.secrets.NewPostActivity, com.jogeeks.content.secrets.EditPostActivity], permissionQualifiedNames=[android.permission.ACCESS_NETWORK_STATE, android.permission.INTERNET, android.permission.WRITE_EXTERNAL_STORAGE], applicationClassName=null, libraryProject=false, debugabble=false, minSdkVersion=10, maxSdkVersion=-1, targetSdkVersion=19]
11:21:57.258 [Worker-81] INFO  o.a.r.ProjectRClassFinder:50 - Found project R class: com.jogeeks.content.secrets.R
11:21:57.260 [Worker-81] INFO  o.a.r.AndroidRClassFinder:44 - Found Android class: android.R
11:21:57.266 [Worker-81] INFO  o.a.p.ModelValidator:42 - Validating elements
11:21:57.267 [Worker-81] DEBUG o.a.p.ModelValidator:62 - Validating with EActivityHandler: [com.jogeeks.content.secrets.LoginActivity]
11:21:57.267 [Worker-81] DEBUG o.a.p.ModelValidator:62 - Validating with ViewByIdHandler: [loginButton, usernameInput, passwordInput]
11:21:57.269 [Worker-81] DEBUG o.a.p.ModelValidator:62 - Validating with ClickHandler: [void login() ]
11:21:57.270 [Worker-81] DEBUG o.a.p.ModelValidator:62 - Validating with OptionsMenuHandler: [com.jogeeks.content.secrets.LoginActivity]
11:21:57.270 [Worker-81] INFO  o.a.p.ModelProcessor:73 - Processing root elements
11:21:57.271 [Worker-81] DEBUG o.a.p.ModelProcessor:80 - Processing root elements EActivityHandler: [com.jogeeks.content.secrets.LoginActivity]
11:21:57.273 [Worker-81] INFO  o.a.p.ModelProcessor:104 - Processing enclosed elements
11:21:57.274 [Worker-81] INFO  o.a.AndroidAnnotationProcessor:251 - Number of files generated by AndroidAnnotations: 1
11:21:57.274 [Worker-81] INFO  o.a.g.ApiCodeGenerator:52 - Writting following API classes in project: []
11:21:57.275 [Worker-81] DEBUG o.a.g.SourceCodewriter:55 - Generating class: com.jogeeks.content.secrets.LoginActivity_
11:21:57.277 [Worker-81] INFO  o.a.p.TimeStats:81 - Time measurements: [Whole Processing = 32 ms], [Extract Annotations = 9 ms], [Find R Classes = 8 ms], [Extract Manifest = 4 ms], [Validate Annotations = 4 ms], [Process Annotations = 4 ms], [Generate Sources = 3 ms], 
11:21:57.278 [Worker-81] INFO  o.a.AndroidAnnotationProcessor:123 - Finish processing
11:22:04.795 [Worker-91] INFO  o.a.AndroidAnnotationProcessor:85 - Initialize AndroidAnnotations 3.0.1 with options {phase=BUILD}
11:22:04.798 [Worker-91] INFO  o.a.AndroidAnnotationProcessor:109 - Start processing for 4 annotations on 1 elements
11:22:04.810 [Worker-91] DEBUG o.a.h.AndroidManifestFinder:137 - AndroidManifest.xml file found in parent folder C:\Users\ThUNdErX\Dropbox\JoGeeks - 2014\First Quarter\Secrets\Raed: C:\Users\ThUNdErX\Dropbox\JoGeeks - 2014\First Quarter\Secrets\Raed\AndroidManifest.xml
11:22:04.815 [Worker-91] INFO  o.a.AndroidAnnotationProcessor:172 - AndroidManifest.xml found: AndroidManifest [applicationPackage=com.jogeeks.content.secrets, componentQualifiedNames=[com.jogeeks.content.secrets.SecretsActivity, com.jogeeks.content.secrets.SingleSecretActivity, com.jogeeks.content.secrets.LoginActivity_, com.jogeeks.content.secrets.SignupActivity, com.jogeeks.content.secrets.ProfileActivity, com.jogeeks.content.secrets.NewPostActivity, com.jogeeks.content.secrets.EditPostActivity], permissionQualifiedNames=[android.permission.ACCESS_NETWORK_STATE, android.permission.INTERNET, android.permission.WRITE_EXTERNAL_STORAGE], applicationClassName=null, libraryProject=false, debugabble=false, minSdkVersion=10, maxSdkVersion=-1, targetSdkVersion=19]
11:22:04.817 [Worker-91] INFO  o.a.r.ProjectRClassFinder:50 - Found project R class: com.jogeeks.content.secrets.R
11:22:04.821 [Worker-91] INFO  o.a.r.AndroidRClassFinder:44 - Found Android class: android.R
11:22:04.828 [Worker-91] INFO  o.a.p.ModelValidator:42 - Validating elements
11:22:04.831 [Worker-91] DEBUG o.a.p.ModelValidator:62 - Validating with EActivityHandler: [com.jogeeks.content.secrets.LoginActivity]
11:22:04.834 [Worker-91] DEBUG o.a.p.ModelValidator:62 - Validating with ViewByIdHandler: [loginButton, usernameInput, passwordInput]
11:22:04.837 [Worker-91] DEBUG o.a.p.ModelValidator:62 - Validating with ClickHandler: [void login() ]
11:22:04.839 [Worker-91] DEBUG o.a.p.ModelValidator:62 - Validating with OptionsMenuHandler: [com.jogeeks.content.secrets.LoginActivity]
11:22:04.840 [Worker-91] INFO  o.a.p.ModelProcessor:73 - Processing root elements
11:22:04.840 [Worker-91] DEBUG o.a.p.ModelProcessor:80 - Processing root elements EActivityHandler: [com.jogeeks.content.secrets.LoginActivity]
11:22:04.842 [Worker-91] INFO  o.a.p.ModelProcessor:104 - Processing enclosed elements
11:22:04.844 [Worker-91] INFO  o.a.AndroidAnnotationProcessor:251 - Number of files generated by AndroidAnnotations: 1
11:22:04.844 [Worker-91] INFO  o.a.g.ApiCodeGenerator:52 - Writting following API classes in project: []
11:22:04.845 [Worker-91] DEBUG o.a.g.SourceCodewriter:55 - Generating class: com.jogeeks.content.secrets.LoginActivity_
11:22:04.847 [Worker-91] INFO  o.a.p.TimeStats:81 - Time measurements: [Whole Processing = 49 ms], [Find R Classes = 11 ms], [Validate Annotations = 11 ms], [Extract Annotations = 10 ms], [Extract Manifest = 5 ms], [Process Annotations = 5 ms], [Generate Sources = 3 ms], 
11:22:04.848 [Worker-91] INFO  o.a.AndroidAnnotationProcessor:123 - Finish processing
